<?xml version="1.0" encoding="UTF-8"?>
<testsuites name="TSC_OnlinePetStore" time="307.547" tests="6" failures="0" errors="0">
   <testsuite name="TS_16_LoginToApp" tests="1" failures="0" errors="0" time="30.591" skipped="0" timestamp="09-03-2024T11:30:31" hostname="DJ793LJ - IN3233809W1.ey.net" id="Test Suites/TS_16_LoginToApp">
      <properties>
         <property name="deviceName" value=""/>
         <property name="devicePlatform" value=""/>
         <property name="logFolder" value="C:\\Users\\DJ793LJ\\git\\Katalon-Training\\Reports\\20240309_112956\\TS_16_LoginToApp\\20240309_112957"/>
         <property name="logFiles" value="C:\\Users\\DJ793LJ\\git\\Katalon-Training\\Reports\\20240309_112956\\TS_16_LoginToApp\\20240309_112957\\execution0.log"/>
         <property name="attachments" value=""/>
         <property name="hostName" value="DJ793LJ - IN3233809W1.ey.net"/>
         <property name="os" value="Windows 10 64bit"/>
         <property name="katalonVersion" value="9.3.1.212"/>
         <property name="browser" value="Edge Chromium 122"/>
         <property name="hostAddress" value="192.168.2.5"/>
         <property name="sessionId" value="fb92d0a815be0a5f5feea2c06e5c8de3"/>
         <property name="seleniumVersion" value="3.141.59"/>
         <property name="proxyInformation" value="ProxyInformation { proxyOption=NO_PROXY, proxyServerType=HTTP, username=, password=********, proxyServerAddress=, proxyServerPort=0, executionList=&quot;&quot;, isApplyToDesiredCapabilities=true }"/>
         <property name="platform" value="Windows 10"/>
      </properties>
      <testcase name="Test Cases/PetStoreApp/TC_16_LoginToApp" time="30.027" classname="Test Cases/PetStoreApp/TC_16_LoginToApp" status="PASSED">
         <system-out><![CDATA[09-03-2024T11:30:32 - [TEST_CASE][PASSED] - Test Cases/PetStoreApp/TC_16_LoginToApp: Test Cases/PetStoreApp/TC_16_LoginToApp

09-03-2024T11:30:32 - [TEST_STEP][PASSED] - openBrowser(""): Browser is opened with url: ''

09-03-2024T11:30:33 - [MESSAGE][INFO] - Starting 'Edge Chromium' driver

09-03-2024T11:30:34 - [MESSAGE][INFO] - Action delay is set to 0 milliseconds

09-03-2024T11:30:37 - [MESSAGE][PASSED] - Browser is opened with url: ''

09-03-2024T11:30:37 - [TEST_STEP][PASSED] - navigateToUrl("https://petstore.octoperf.com/"): Navigate to 'https://petstore.octoperf.com/' successfully

09-03-2024T11:30:38 - [MESSAGE][PASSED] - Navigate to 'https://petstore.octoperf.com/' successfully

09-03-2024T11:30:38 - [TEST_STEP][PASSED] - verifyElementText(findTestObject("Object Repository/LoginToApp/Page_JPetStore Demo/h2_Welcome to JPetStore 6"), "Welcome to JPetStore 6"): Actual text and expected text of test object 'Object Repository/LoginToApp/Page_JPetStore Demo/h2_Welcome to JPetStore 6' are matched.

09-03-2024T11:30:41 - [MESSAGE][PASSED] - Actual text and expected text of test object 'Object Repository/LoginToApp/Page_JPetStore Demo/h2_Welcome to JPetStore 6' are matched.

09-03-2024T11:30:41 - [TEST_STEP][PASSED] - click(findTestObject("Object Repository/LoginToApp/Page_JPetStore Demo/a_Enter the Store")): Object: 'Object Repository/LoginToApp/Page_JPetStore Demo/a_Enter the Store' is clicked on

09-03-2024T11:30:44 - [MESSAGE][PASSED] - Object: 'Object Repository/LoginToApp/Page_JPetStore Demo/a_Enter the Store' is clicked on

09-03-2024T11:30:44 - [TEST_STEP][PASSED] - verifyElementText(findTestObject("Object Repository/LoginToApp/Page_JPetStore Demo/img"), ""): Actual text and expected text of test object 'Object Repository/LoginToApp/Page_JPetStore Demo/img' are matched.

09-03-2024T11:30:46 - [MESSAGE][PASSED] - Actual text and expected text of test object 'Object Repository/LoginToApp/Page_JPetStore Demo/img' are matched.

09-03-2024T11:30:46 - [TEST_STEP][PASSED] - click(findTestObject("Object Repository/LoginToApp/Page_JPetStore Demo/a_Sign In")): Object: 'Object Repository/LoginToApp/Page_JPetStore Demo/a_Sign In' is clicked on

09-03-2024T11:30:48 - [MESSAGE][PASSED] - Object: 'Object Repository/LoginToApp/Page_JPetStore Demo/a_Sign In' is clicked on

09-03-2024T11:30:48 - [TEST_STEP][PASSED] - setText(findTestObject("Object Repository/LoginToApp/Page_JPetStore Demo/input_Need a user name and password_username"), "bruvie"): Text 'bruvie' is set on object 'Object Repository/LoginToApp/Page_JPetStore Demo/input_Need a user name and password_username'

09-03-2024T11:30:52 - [MESSAGE][PASSED] - Text 'bruvie' is set on object 'Object Repository/LoginToApp/Page_JPetStore Demo/input_Need a user name and password_username'

09-03-2024T11:30:52 - [TEST_STEP][PASSED] - setEncryptedText(findTestObject("Object Repository/LoginToApp/Page_JPetStore Demo/input_Need a user name and password_password"), "qPDWtMYEx+8="): Text ****** has been set on object 'Object Repository/LoginToApp/Page_JPetStore Demo/input_Need a user name and password_password'

09-03-2024T11:30:54 - [MESSAGE][PASSED] - Text ****** has been set on object 'Object Repository/LoginToApp/Page_JPetStore Demo/input_Need a user name and password_password'

09-03-2024T11:30:54 - [TEST_STEP][PASSED] - click(findTestObject("Object Repository/LoginToApp/Page_JPetStore Demo/p_UsernamesetTimeout(function()tryvar zdocu_90a06a")): Object: 'Object Repository/LoginToApp/Page_JPetStore Demo/p_UsernamesetTimeout(function()tryvar zdocu_90a06a' is clicked on

09-03-2024T11:30:56 - [MESSAGE][PASSED] - Object: 'Object Repository/LoginToApp/Page_JPetStore Demo/p_UsernamesetTimeout(function()tryvar zdocu_90a06a' is clicked on

09-03-2024T11:30:56 - [TEST_STEP][PASSED] - setEncryptedText(findTestObject("Object Repository/LoginToApp/Page_JPetStore Demo/input_Need a user name and password_password"), "5Z9ySau9obQ="): Text ****** has been set on object 'Object Repository/LoginToApp/Page_JPetStore Demo/input_Need a user name and password_password'

09-03-2024T11:30:58 - [MESSAGE][PASSED] - Text ****** has been set on object 'Object Repository/LoginToApp/Page_JPetStore Demo/input_Need a user name and password_password'

09-03-2024T11:30:58 - [TEST_STEP][PASSED] - click(findTestObject("Object Repository/LoginToApp/Page_JPetStore Demo/input_Need a user name and password_signon")): Object: 'Object Repository/LoginToApp/Page_JPetStore Demo/input_Need a user name and password_signon' is clicked on

09-03-2024T11:31:00 - [MESSAGE][PASSED] - Object: 'Object Repository/LoginToApp/Page_JPetStore Demo/input_Need a user name and password_signon' is clicked on

09-03-2024T11:31:00 - [TEST_STEP][PASSED] - verifyElementText(findTestObject("Object Repository/LoginToApp/Page_JPetStore Demo/div_Welcome Bruvie"), "Welcome Bruvie!"): Actual text and expected text of test object 'Object Repository/LoginToApp/Page_JPetStore Demo/div_Welcome Bruvie' are matched.

09-03-2024T11:31:02 - [MESSAGE][PASSED] - Actual text and expected text of test object 'Object Repository/LoginToApp/Page_JPetStore Demo/div_Welcome Bruvie' are matched.]]></system-out>
         <system-err><![CDATA[]]></system-err>
      </testcase>
      <system-out><![CDATA[09-03-2024T11:30:31 - [TEST_SUITE][PASSED] - TS_16_LoginToApp: Test Cases/PetStoreApp/TC_16_LoginToApp]]></system-out>
      <system-err><![CDATA[]]></system-err>
   </testsuite>
   <testsuite name="TS_17_LoginAndPurchaseFish" tests="1" failures="0" errors="0" time="17.06" skipped="0" timestamp="09-03-2024T11:31:08" hostname="DJ793LJ - IN3233809W1.ey.net" id="Test Suites/TS_17_LoginAndPurchaseFish">
      <properties>
         <property name="deviceName" value=""/>
         <property name="devicePlatform" value=""/>
         <property name="logFolder" value="C:\\Users\\DJ793LJ\\git\\Katalon-Training\\Reports\\20240309_112956\\TS_17_LoginAndPurchaseFish\\20240309_112959"/>
         <property name="logFiles" value="C:\\Users\\DJ793LJ\\git\\Katalon-Training\\Reports\\20240309_112956\\TS_17_LoginAndPurchaseFish\\20240309_112959\\execution0.log"/>
         <property name="attachments" value=""/>
         <property name="hostName" value="DJ793LJ - IN3233809W1.ey.net"/>
         <property name="os" value="Windows 10 64bit"/>
         <property name="katalonVersion" value="9.3.1.212"/>
         <property name="browser" value="Edge Chromium 122"/>
         <property name="hostAddress" value="192.168.2.5"/>
         <property name="sessionId" value="b04dd50a5676e7205c98de66ff0d42e7"/>
         <property name="seleniumVersion" value="3.141.59"/>
         <property name="proxyInformation" value="ProxyInformation { proxyOption=NO_PROXY, proxyServerType=HTTP, username=, password=********, proxyServerAddress=, proxyServerPort=0, executionList=&quot;&quot;, isApplyToDesiredCapabilities=true }"/>
         <property name="platform" value="Windows 10"/>
      </properties>
      <testcase name="Test Cases/PetStoreApp/TC_17_LoginAndPurchaseFish" time="16.82" classname="Test Cases/PetStoreApp/TC_17_LoginAndPurchaseFish" status="PASSED">
         <system-out><![CDATA[09-03-2024T11:31:08 - [TEST_CASE][PASSED] - Test Cases/PetStoreApp/TC_17_LoginAndPurchaseFish: Test Cases/PetStoreApp/TC_17_LoginAndPurchaseFish

09-03-2024T11:31:08 - [TEST_STEP][PASSED] - callTestCase(findTestCase("PetStoreApp/TC_16_LoginToApp"), [:], STOP_ON_FAILURE): Call Test Case 'Test Cases/PetStoreApp/TC_16_LoginToApp' successfully

09-03-2024T11:31:09 - [TEST_CASE][PASSED] - Test Cases/PetStoreApp/TC_16_LoginToApp: Test Cases/PetStoreApp/TC_16_LoginToApp

09-03-2024T11:31:09 - [TEST_STEP][PASSED] - openBrowser(""): Browser is opened with url: ''

09-03-2024T11:31:09 - [MESSAGE][INFO] - Starting 'Edge Chromium' driver

09-03-2024T11:31:10 - [MESSAGE][INFO] - Action delay is set to 0 milliseconds

09-03-2024T11:31:12 - [MESSAGE][PASSED] - Browser is opened with url: ''

09-03-2024T11:31:12 - [TEST_STEP][PASSED] - navigateToUrl("https://petstore.octoperf.com/"): Navigate to 'https://petstore.octoperf.com/' successfully

09-03-2024T11:31:13 - [MESSAGE][PASSED] - Navigate to 'https://petstore.octoperf.com/' successfully

09-03-2024T11:31:13 - [TEST_STEP][PASSED] - verifyElementText(findTestObject("Object Repository/LoginToApp/Page_JPetStore Demo/h2_Welcome to JPetStore 6"), "Welcome to JPetStore 6"): Actual text and expected text of test object 'Object Repository/LoginToApp/Page_JPetStore Demo/h2_Welcome to JPetStore 6' are matched.

09-03-2024T11:31:14 - [MESSAGE][PASSED] - Actual text and expected text of test object 'Object Repository/LoginToApp/Page_JPetStore Demo/h2_Welcome to JPetStore 6' are matched.

09-03-2024T11:31:14 - [TEST_STEP][PASSED] - click(findTestObject("Object Repository/LoginToApp/Page_JPetStore Demo/a_Enter the Store")): Object: 'Object Repository/LoginToApp/Page_JPetStore Demo/a_Enter the Store' is clicked on

09-03-2024T11:31:15 - [MESSAGE][PASSED] - Object: 'Object Repository/LoginToApp/Page_JPetStore Demo/a_Enter the Store' is clicked on

09-03-2024T11:31:15 - [TEST_STEP][PASSED] - verifyElementText(findTestObject("Object Repository/LoginToApp/Page_JPetStore Demo/img"), ""): Actual text and expected text of test object 'Object Repository/LoginToApp/Page_JPetStore Demo/img' are matched.

09-03-2024T11:31:16 - [MESSAGE][PASSED] - Actual text and expected text of test object 'Object Repository/LoginToApp/Page_JPetStore Demo/img' are matched.

09-03-2024T11:31:16 - [TEST_STEP][PASSED] - click(findTestObject("Object Repository/LoginToApp/Page_JPetStore Demo/a_Sign In")): Object: 'Object Repository/LoginToApp/Page_JPetStore Demo/a_Sign In' is clicked on

09-03-2024T11:31:16 - [MESSAGE][PASSED] - Object: 'Object Repository/LoginToApp/Page_JPetStore Demo/a_Sign In' is clicked on

09-03-2024T11:31:16 - [TEST_STEP][PASSED] - setText(findTestObject("Object Repository/LoginToApp/Page_JPetStore Demo/input_Need a user name and password_username"), "bruvie"): Text 'bruvie' is set on object 'Object Repository/LoginToApp/Page_JPetStore Demo/input_Need a user name and password_username'

09-03-2024T11:31:17 - [MESSAGE][PASSED] - Text 'bruvie' is set on object 'Object Repository/LoginToApp/Page_JPetStore Demo/input_Need a user name and password_username'

09-03-2024T11:31:17 - [TEST_STEP][PASSED] - setEncryptedText(findTestObject("Object Repository/LoginToApp/Page_JPetStore Demo/input_Need a user name and password_password"), "qPDWtMYEx+8="): Text ****** has been set on object 'Object Repository/LoginToApp/Page_JPetStore Demo/input_Need a user name and password_password'

09-03-2024T11:31:18 - [MESSAGE][PASSED] - Text ****** has been set on object 'Object Repository/LoginToApp/Page_JPetStore Demo/input_Need a user name and password_password'

09-03-2024T11:31:18 - [TEST_STEP][PASSED] - click(findTestObject("Object Repository/LoginToApp/Page_JPetStore Demo/p_UsernamesetTimeout(function()tryvar zdocu_90a06a")): Object: 'Object Repository/LoginToApp/Page_JPetStore Demo/p_UsernamesetTimeout(function()tryvar zdocu_90a06a' is clicked on

09-03-2024T11:31:18 - [MESSAGE][PASSED] - Object: 'Object Repository/LoginToApp/Page_JPetStore Demo/p_UsernamesetTimeout(function()tryvar zdocu_90a06a' is clicked on

09-03-2024T11:31:18 - [TEST_STEP][PASSED] - setEncryptedText(findTestObject("Object Repository/LoginToApp/Page_JPetStore Demo/input_Need a user name and password_password"), "5Z9ySau9obQ="): Text ****** has been set on object 'Object Repository/LoginToApp/Page_JPetStore Demo/input_Need a user name and password_password'

09-03-2024T11:31:18 - [MESSAGE][PASSED] - Text ****** has been set on object 'Object Repository/LoginToApp/Page_JPetStore Demo/input_Need a user name and password_password'

09-03-2024T11:31:18 - [TEST_STEP][PASSED] - click(findTestObject("Object Repository/LoginToApp/Page_JPetStore Demo/input_Need a user name and password_signon")): Object: 'Object Repository/LoginToApp/Page_JPetStore Demo/input_Need a user name and password_signon' is clicked on

09-03-2024T11:31:19 - [MESSAGE][PASSED] - Object: 'Object Repository/LoginToApp/Page_JPetStore Demo/input_Need a user name and password_signon' is clicked on

09-03-2024T11:31:19 - [TEST_STEP][PASSED] - verifyElementText(findTestObject("Object Repository/LoginToApp/Page_JPetStore Demo/div_Welcome Bruvie"), "Welcome Bruvie!"): Actual text and expected text of test object 'Object Repository/LoginToApp/Page_JPetStore Demo/div_Welcome Bruvie' are matched.

09-03-2024T11:31:20 - [MESSAGE][PASSED] - Actual text and expected text of test object 'Object Repository/LoginToApp/Page_JPetStore Demo/div_Welcome Bruvie' are matched.

09-03-2024T11:31:20 - [MESSAGE][PASSED] - Call Test Case 'Test Cases/PetStoreApp/TC_16_LoginToApp' successfully

09-03-2024T11:31:20 - [TEST_STEP][PASSED] - click(findTestObject("Object Repository/LoginAndPurchaseFish/Page_JPetStore Demo/img")): Object: 'Object Repository/LoginAndPurchaseFish/Page_JPetStore Demo/img' is clicked on

09-03-2024T11:31:21 - [MESSAGE][PASSED] - Object: 'Object Repository/LoginAndPurchaseFish/Page_JPetStore Demo/img' is clicked on

09-03-2024T11:31:21 - [TEST_STEP][PASSED] - navigateToUrl("https://petstore.octoperf.com/actions/Catalog.action?viewCategory=&categoryId=FISH"): Navigate to 'https://petstore.octoperf.com/actions/Catalog.action?viewCategory=&categoryId=FISH' successfully

09-03-2024T11:31:21 - [MESSAGE][PASSED] - Navigate to 'https://petstore.octoperf.com/actions/Catalog.action?viewCategory=&categoryId=FISH' successfully

09-03-2024T11:31:21 - [TEST_STEP][PASSED] - click(findTestObject("Object Repository/LoginAndPurchaseFish/Page_JPetStore Demo/a_FI-FW-02")): Object: 'Object Repository/LoginAndPurchaseFish/Page_JPetStore Demo/a_FI-FW-02' is clicked on

09-03-2024T11:31:22 - [MESSAGE][PASSED] - Object: 'Object Repository/LoginAndPurchaseFish/Page_JPetStore Demo/a_FI-FW-02' is clicked on

09-03-2024T11:31:22 - [TEST_STEP][PASSED] - click(findTestObject("Object Repository/LoginAndPurchaseFish/Page_JPetStore Demo/a_Add to Cart")): Object: 'Object Repository/LoginAndPurchaseFish/Page_JPetStore Demo/a_Add to Cart' is clicked on

09-03-2024T11:31:22 - [MESSAGE][PASSED] - Object: 'Object Repository/LoginAndPurchaseFish/Page_JPetStore Demo/a_Add to Cart' is clicked on

09-03-2024T11:31:22 - [TEST_STEP][PASSED] - setText(findTestObject("Object Repository/LoginAndPurchaseFish/Page_JPetStore Demo/input_true_EST-20"), "4"): Text '4' is set on object 'Object Repository/LoginAndPurchaseFish/Page_JPetStore Demo/input_true_EST-20'

09-03-2024T11:31:23 - [MESSAGE][PASSED] - Text '4' is set on object 'Object Repository/LoginAndPurchaseFish/Page_JPetStore Demo/input_true_EST-20'

09-03-2024T11:31:23 - [TEST_STEP][PASSED] - click(findTestObject("Object Repository/LoginAndPurchaseFish/Page_JPetStore Demo/input_Sub Total 5.50_updateCartQuantities")): Object: 'Object Repository/LoginAndPurchaseFish/Page_JPetStore Demo/input_Sub Total 5.50_updateCartQuantities' is clicked on

09-03-2024T11:31:24 - [MESSAGE][PASSED] - Object: 'Object Repository/LoginAndPurchaseFish/Page_JPetStore Demo/input_Sub Total 5.50_updateCartQuantities' is clicked on

09-03-2024T11:31:24 - [TEST_STEP][PASSED] - click(findTestObject("Object Repository/LoginAndPurchaseFish/Page_JPetStore Demo/a_Return to Main Menu")): Object: 'Object Repository/LoginAndPurchaseFish/Page_JPetStore Demo/a_Return to Main Menu' is clicked on

09-03-2024T11:31:24 - [MESSAGE][PASSED] - Object: 'Object Repository/LoginAndPurchaseFish/Page_JPetStore Demo/a_Return to Main Menu' is clicked on

09-03-2024T11:31:24 - [TEST_STEP][PASSED] - closeBrowser(): Browser is closed

09-03-2024T11:31:25 - [MESSAGE][PASSED] - Browser is closed]]></system-out>
         <system-err><![CDATA[]]></system-err>
      </testcase>
      <system-out><![CDATA[09-03-2024T11:31:08 - [TEST_SUITE][PASSED] - TS_17_LoginAndPurchaseFish: Test Cases/PetStoreApp/TC_17_LoginAndPurchaseFish]]></system-out>
      <system-err><![CDATA[]]></system-err>
   </testsuite>
   <testsuite name="TS_18_LoginAndPurchaseDog" tests="1" failures="0" errors="0" time="27.674" skipped="0" timestamp="09-03-2024T11:31:34" hostname="DJ793LJ - IN3233809W1.ey.net" id="Test Suites/TS_18_LoginAndPurchaseDog">
      <properties>
         <property name="deviceName" value=""/>
         <property name="devicePlatform" value=""/>
         <property name="logFolder" value="C:\\Users\\DJ793LJ\\git\\Katalon-Training\\Reports\\20240309_112956\\TS_18_LoginAndPurchaseDog\\20240309_113001"/>
         <property name="logFiles" value="C:\\Users\\DJ793LJ\\git\\Katalon-Training\\Reports\\20240309_112956\\TS_18_LoginAndPurchaseDog\\20240309_113001\\execution0.log"/>
         <property name="attachments" value=""/>
         <property name="hostName" value="DJ793LJ - IN3233809W1.ey.net"/>
         <property name="os" value="Windows 10 64bit"/>
         <property name="katalonVersion" value="9.3.1.212"/>
         <property name="browser" value="Edge Chromium 122"/>
         <property name="hostAddress" value="192.168.2.5"/>
         <property name="sessionId" value="3f346da35f188a2d6570d625fd79d27a"/>
         <property name="seleniumVersion" value="3.141.59"/>
         <property name="proxyInformation" value="ProxyInformation { proxyOption=NO_PROXY, proxyServerType=HTTP, username=, password=********, proxyServerAddress=, proxyServerPort=0, executionList=&quot;&quot;, isApplyToDesiredCapabilities=true }"/>
         <property name="platform" value="Windows 10"/>
      </properties>
      <testcase name="Test Cases/PetStoreApp/TC_18_LoginAndPurchaseDog" time="27.395" classname="Test Cases/PetStoreApp/TC_18_LoginAndPurchaseDog" status="PASSED">
         <system-out><![CDATA[09-03-2024T11:31:34 - [TEST_CASE][PASSED] - Test Cases/PetStoreApp/TC_18_LoginAndPurchaseDog: Test Cases/PetStoreApp/TC_18_LoginAndPurchaseDog

09-03-2024T11:31:34 - [TEST_STEP][PASSED] - callTestCase(findTestCase("PetStoreApp/TC_16_LoginToApp"), [:], STOP_ON_FAILURE): Call Test Case 'Test Cases/PetStoreApp/TC_16_LoginToApp' successfully

09-03-2024T11:31:35 - [TEST_CASE][PASSED] - Test Cases/PetStoreApp/TC_16_LoginToApp: Test Cases/PetStoreApp/TC_16_LoginToApp

09-03-2024T11:31:35 - [TEST_STEP][PASSED] - openBrowser(""): Browser is opened with url: ''

09-03-2024T11:31:35 - [MESSAGE][INFO] - Starting 'Edge Chromium' driver

09-03-2024T11:31:36 - [MESSAGE][INFO] - Action delay is set to 0 milliseconds

09-03-2024T11:31:39 - [MESSAGE][PASSED] - Browser is opened with url: ''

09-03-2024T11:31:39 - [TEST_STEP][PASSED] - navigateToUrl("https://petstore.octoperf.com/"): Navigate to 'https://petstore.octoperf.com/' successfully

09-03-2024T11:31:40 - [MESSAGE][PASSED] - Navigate to 'https://petstore.octoperf.com/' successfully

09-03-2024T11:31:40 - [TEST_STEP][PASSED] - verifyElementText(findTestObject("Object Repository/LoginToApp/Page_JPetStore Demo/h2_Welcome to JPetStore 6"), "Welcome to JPetStore 6"): Actual text and expected text of test object 'Object Repository/LoginToApp/Page_JPetStore Demo/h2_Welcome to JPetStore 6' are matched.

09-03-2024T11:31:41 - [MESSAGE][PASSED] - Actual text and expected text of test object 'Object Repository/LoginToApp/Page_JPetStore Demo/h2_Welcome to JPetStore 6' are matched.

09-03-2024T11:31:41 - [TEST_STEP][PASSED] - click(findTestObject("Object Repository/LoginToApp/Page_JPetStore Demo/a_Enter the Store")): Object: 'Object Repository/LoginToApp/Page_JPetStore Demo/a_Enter the Store' is clicked on

09-03-2024T11:31:42 - [MESSAGE][PASSED] - Object: 'Object Repository/LoginToApp/Page_JPetStore Demo/a_Enter the Store' is clicked on

09-03-2024T11:31:42 - [TEST_STEP][PASSED] - verifyElementText(findTestObject("Object Repository/LoginToApp/Page_JPetStore Demo/img"), ""): Actual text and expected text of test object 'Object Repository/LoginToApp/Page_JPetStore Demo/img' are matched.

09-03-2024T11:31:43 - [MESSAGE][PASSED] - Actual text and expected text of test object 'Object Repository/LoginToApp/Page_JPetStore Demo/img' are matched.

09-03-2024T11:31:43 - [TEST_STEP][PASSED] - click(findTestObject("Object Repository/LoginToApp/Page_JPetStore Demo/a_Sign In")): Object: 'Object Repository/LoginToApp/Page_JPetStore Demo/a_Sign In' is clicked on

09-03-2024T11:31:43 - [MESSAGE][PASSED] - Object: 'Object Repository/LoginToApp/Page_JPetStore Demo/a_Sign In' is clicked on

09-03-2024T11:31:43 - [TEST_STEP][PASSED] - setText(findTestObject("Object Repository/LoginToApp/Page_JPetStore Demo/input_Need a user name and password_username"), "bruvie"): Text 'bruvie' is set on object 'Object Repository/LoginToApp/Page_JPetStore Demo/input_Need a user name and password_username'

09-03-2024T11:31:44 - [MESSAGE][PASSED] - Text 'bruvie' is set on object 'Object Repository/LoginToApp/Page_JPetStore Demo/input_Need a user name and password_username'

09-03-2024T11:31:44 - [TEST_STEP][PASSED] - setEncryptedText(findTestObject("Object Repository/LoginToApp/Page_JPetStore Demo/input_Need a user name and password_password"), "qPDWtMYEx+8="): Text ****** has been set on object 'Object Repository/LoginToApp/Page_JPetStore Demo/input_Need a user name and password_password'

09-03-2024T11:31:45 - [MESSAGE][PASSED] - Text ****** has been set on object 'Object Repository/LoginToApp/Page_JPetStore Demo/input_Need a user name and password_password'

09-03-2024T11:31:45 - [TEST_STEP][PASSED] - click(findTestObject("Object Repository/LoginToApp/Page_JPetStore Demo/p_UsernamesetTimeout(function()tryvar zdocu_90a06a")): Object: 'Object Repository/LoginToApp/Page_JPetStore Demo/p_UsernamesetTimeout(function()tryvar zdocu_90a06a' is clicked on

09-03-2024T11:31:45 - [MESSAGE][PASSED] - Object: 'Object Repository/LoginToApp/Page_JPetStore Demo/p_UsernamesetTimeout(function()tryvar zdocu_90a06a' is clicked on

09-03-2024T11:31:45 - [TEST_STEP][PASSED] - setEncryptedText(findTestObject("Object Repository/LoginToApp/Page_JPetStore Demo/input_Need a user name and password_password"), "5Z9ySau9obQ="): Text ****** has been set on object 'Object Repository/LoginToApp/Page_JPetStore Demo/input_Need a user name and password_password'

09-03-2024T11:31:46 - [MESSAGE][PASSED] - Text ****** has been set on object 'Object Repository/LoginToApp/Page_JPetStore Demo/input_Need a user name and password_password'

09-03-2024T11:31:46 - [TEST_STEP][PASSED] - click(findTestObject("Object Repository/LoginToApp/Page_JPetStore Demo/input_Need a user name and password_signon")): Object: 'Object Repository/LoginToApp/Page_JPetStore Demo/input_Need a user name and password_signon' is clicked on

09-03-2024T11:31:47 - [MESSAGE][PASSED] - Object: 'Object Repository/LoginToApp/Page_JPetStore Demo/input_Need a user name and password_signon' is clicked on

09-03-2024T11:31:47 - [TEST_STEP][PASSED] - verifyElementText(findTestObject("Object Repository/LoginToApp/Page_JPetStore Demo/div_Welcome Bruvie"), "Welcome Bruvie!"): Actual text and expected text of test object 'Object Repository/LoginToApp/Page_JPetStore Demo/div_Welcome Bruvie' are matched.

09-03-2024T11:31:47 - [MESSAGE][PASSED] - Actual text and expected text of test object 'Object Repository/LoginToApp/Page_JPetStore Demo/div_Welcome Bruvie' are matched.

09-03-2024T11:31:47 - [MESSAGE][PASSED] - Call Test Case 'Test Cases/PetStoreApp/TC_16_LoginToApp' successfully

09-03-2024T11:31:47 - [TEST_STEP][PASSED] - click(findTestObject("Object Repository/LoginAndPurchaseDog/Page_JPetStore Demo/img")): Object: 'Object Repository/LoginAndPurchaseDog/Page_JPetStore Demo/img' is clicked on

09-03-2024T11:31:48 - [MESSAGE][PASSED] - Object: 'Object Repository/LoginAndPurchaseDog/Page_JPetStore Demo/img' is clicked on

09-03-2024T11:31:48 - [TEST_STEP][PASSED] - navigateToUrl("https://petstore.octoperf.com/actions/Catalog.action?viewCategory=&categoryId=DOGS"): Navigate to 'https://petstore.octoperf.com/actions/Catalog.action?viewCategory=&categoryId=DOGS' successfully

09-03-2024T11:31:48 - [MESSAGE][PASSED] - Navigate to 'https://petstore.octoperf.com/actions/Catalog.action?viewCategory=&categoryId=DOGS' successfully

09-03-2024T11:31:48 - [TEST_STEP][PASSED] - click(findTestObject("Object Repository/LoginAndPurchaseDog/Page_JPetStore Demo/a_K9-RT-01")): Object: 'Object Repository/LoginAndPurchaseDog/Page_JPetStore Demo/a_K9-RT-01' is clicked on

09-03-2024T11:31:49 - [MESSAGE][PASSED] - Object: 'Object Repository/LoginAndPurchaseDog/Page_JPetStore Demo/a_K9-RT-01' is clicked on

09-03-2024T11:31:49 - [TEST_STEP][PASSED] - click(findTestObject("Object Repository/LoginAndPurchaseDog/Page_JPetStore Demo/a_Add to Cart")): Object: 'Object Repository/LoginAndPurchaseDog/Page_JPetStore Demo/a_Add to Cart' is clicked on

09-03-2024T11:31:51 - [MESSAGE][PASSED] - Object: 'Object Repository/LoginAndPurchaseDog/Page_JPetStore Demo/a_Add to Cart' is clicked on

09-03-2024T11:31:51 - [TEST_STEP][PASSED] - click(findTestObject("Object Repository/LoginAndPurchaseDog/Page_JPetStore Demo/td")): Object: 'Object Repository/LoginAndPurchaseDog/Page_JPetStore Demo/td' is clicked on

09-03-2024T11:31:53 - [MESSAGE][PASSED] - Object: 'Object Repository/LoginAndPurchaseDog/Page_JPetStore Demo/td' is clicked on

09-03-2024T11:31:53 - [TEST_STEP][PASSED] - setText(findTestObject("Object Repository/LoginAndPurchaseDog/Page_JPetStore Demo/input_true_EST-28"), "5"): Text '5' is set on object 'Object Repository/LoginAndPurchaseDog/Page_JPetStore Demo/input_true_EST-28'

09-03-2024T11:31:57 - [MESSAGE][PASSED] - Text '5' is set on object 'Object Repository/LoginAndPurchaseDog/Page_JPetStore Demo/input_true_EST-28'

09-03-2024T11:31:57 - [TEST_STEP][PASSED] - click(findTestObject("Object Repository/LoginAndPurchaseDog/Page_JPetStore Demo/input_Sub Total 155.29_updateCartQuantities")): Object: 'Object Repository/LoginAndPurchaseDog/Page_JPetStore Demo/input_Sub Total 155.29_updateCartQuantities' is clicked on

09-03-2024T11:31:59 - [MESSAGE][PASSED] - Object: 'Object Repository/LoginAndPurchaseDog/Page_JPetStore Demo/input_Sub Total 155.29_updateCartQuantities' is clicked on

09-03-2024T11:31:59 - [TEST_STEP][PASSED] - click(findTestObject("Object Repository/LoginAndPurchaseDog/Page_JPetStore Demo/a_Return to Main Menu")): Object: 'Object Repository/LoginAndPurchaseDog/Page_JPetStore Demo/a_Return to Main Menu' is clicked on

09-03-2024T11:32:01 - [MESSAGE][PASSED] - Object: 'Object Repository/LoginAndPurchaseDog/Page_JPetStore Demo/a_Return to Main Menu' is clicked on

09-03-2024T11:32:01 - [TEST_STEP][PASSED] - closeBrowser(): Browser is closed

09-03-2024T11:32:01 - [MESSAGE][PASSED] - Browser is closed]]></system-out>
         <system-err><![CDATA[]]></system-err>
      </testcase>
      <system-out><![CDATA[09-03-2024T11:31:34 - [TEST_SUITE][PASSED] - TS_18_LoginAndPurchaseDog: Test Cases/PetStoreApp/TC_18_LoginAndPurchaseDog]]></system-out>
      <system-err><![CDATA[]]></system-err>
   </testsuite>
   <testsuite name="TS_19_LoginAndPurchaseReptiles" tests="1" failures="0" errors="0" time="41.963" skipped="0" timestamp="09-03-2024T11:32:07" hostname="DJ793LJ - IN3233809W1.ey.net" id="Test Suites/TS_19_LoginAndPurchaseReptiles">
      <properties>
         <property name="deviceName" value=""/>
         <property name="devicePlatform" value=""/>
         <property name="logFolder" value="C:\\Users\\DJ793LJ\\git\\Katalon-Training\\Reports\\20240309_112956\\TS_19_LoginAndPurchaseReptiles\\20240309_113003"/>
         <property name="logFiles" value="C:\\Users\\DJ793LJ\\git\\Katalon-Training\\Reports\\20240309_112956\\TS_19_LoginAndPurchaseReptiles\\20240309_113003\\execution0.log"/>
         <property name="attachments" value=""/>
         <property name="hostName" value="DJ793LJ - IN3233809W1.ey.net"/>
         <property name="os" value="Windows 10 64bit"/>
         <property name="katalonVersion" value="9.3.1.212"/>
         <property name="browser" value="Edge Chromium 122"/>
         <property name="hostAddress" value="192.168.2.5"/>
         <property name="sessionId" value="72d682dd569031a04c56dd1fbac23b34"/>
         <property name="seleniumVersion" value="3.141.59"/>
         <property name="proxyInformation" value="ProxyInformation { proxyOption=NO_PROXY, proxyServerType=HTTP, username=, password=********, proxyServerAddress=, proxyServerPort=0, executionList=&quot;&quot;, isApplyToDesiredCapabilities=true }"/>
         <property name="platform" value="Windows 10"/>
      </properties>
      <testcase name="Test Cases/PetStoreApp/TC_19_LoginAndPurchaseReptiles" time="41.775" classname="Test Cases/PetStoreApp/TC_19_LoginAndPurchaseReptiles" status="PASSED">
         <system-out><![CDATA[09-03-2024T11:32:07 - [TEST_CASE][PASSED] - Test Cases/PetStoreApp/TC_19_LoginAndPurchaseReptiles: Test Cases/PetStoreApp/TC_19_LoginAndPurchaseReptiles

09-03-2024T11:32:08 - [TEST_STEP][PASSED] - callTestCase(findTestCase("PetStoreApp/TC_16_LoginToApp"), [:], STOP_ON_FAILURE): Call Test Case 'Test Cases/PetStoreApp/TC_16_LoginToApp' successfully

09-03-2024T11:32:08 - [TEST_CASE][PASSED] - Test Cases/PetStoreApp/TC_16_LoginToApp: Test Cases/PetStoreApp/TC_16_LoginToApp

09-03-2024T11:32:08 - [TEST_STEP][PASSED] - openBrowser(""): Browser is opened with url: ''

09-03-2024T11:32:08 - [MESSAGE][INFO] - Starting 'Edge Chromium' driver

09-03-2024T11:32:09 - [MESSAGE][INFO] - Action delay is set to 0 milliseconds

09-03-2024T11:32:12 - [MESSAGE][PASSED] - Browser is opened with url: ''

09-03-2024T11:32:12 - [TEST_STEP][PASSED] - navigateToUrl("https://petstore.octoperf.com/"): Navigate to 'https://petstore.octoperf.com/' successfully

09-03-2024T11:32:14 - [MESSAGE][PASSED] - Navigate to 'https://petstore.octoperf.com/' successfully

09-03-2024T11:32:14 - [TEST_STEP][PASSED] - verifyElementText(findTestObject("Object Repository/LoginToApp/Page_JPetStore Demo/h2_Welcome to JPetStore 6"), "Welcome to JPetStore 6"): Actual text and expected text of test object 'Object Repository/LoginToApp/Page_JPetStore Demo/h2_Welcome to JPetStore 6' are matched.

09-03-2024T11:32:16 - [MESSAGE][PASSED] - Actual text and expected text of test object 'Object Repository/LoginToApp/Page_JPetStore Demo/h2_Welcome to JPetStore 6' are matched.

09-03-2024T11:32:16 - [TEST_STEP][PASSED] - click(findTestObject("Object Repository/LoginToApp/Page_JPetStore Demo/a_Enter the Store")): Object: 'Object Repository/LoginToApp/Page_JPetStore Demo/a_Enter the Store' is clicked on

09-03-2024T11:32:19 - [MESSAGE][PASSED] - Object: 'Object Repository/LoginToApp/Page_JPetStore Demo/a_Enter the Store' is clicked on

09-03-2024T11:32:19 - [TEST_STEP][PASSED] - verifyElementText(findTestObject("Object Repository/LoginToApp/Page_JPetStore Demo/img"), ""): Actual text and expected text of test object 'Object Repository/LoginToApp/Page_JPetStore Demo/img' are matched.

09-03-2024T11:32:21 - [MESSAGE][PASSED] - Actual text and expected text of test object 'Object Repository/LoginToApp/Page_JPetStore Demo/img' are matched.

09-03-2024T11:32:21 - [TEST_STEP][PASSED] - click(findTestObject("Object Repository/LoginToApp/Page_JPetStore Demo/a_Sign In")): Object: 'Object Repository/LoginToApp/Page_JPetStore Demo/a_Sign In' is clicked on

09-03-2024T11:32:23 - [MESSAGE][PASSED] - Object: 'Object Repository/LoginToApp/Page_JPetStore Demo/a_Sign In' is clicked on

09-03-2024T11:32:23 - [TEST_STEP][PASSED] - setText(findTestObject("Object Repository/LoginToApp/Page_JPetStore Demo/input_Need a user name and password_username"), "bruvie"): Text 'bruvie' is set on object 'Object Repository/LoginToApp/Page_JPetStore Demo/input_Need a user name and password_username'

09-03-2024T11:32:27 - [MESSAGE][PASSED] - Text 'bruvie' is set on object 'Object Repository/LoginToApp/Page_JPetStore Demo/input_Need a user name and password_username'

09-03-2024T11:32:27 - [TEST_STEP][PASSED] - setEncryptedText(findTestObject("Object Repository/LoginToApp/Page_JPetStore Demo/input_Need a user name and password_password"), "qPDWtMYEx+8="): Text ****** has been set on object 'Object Repository/LoginToApp/Page_JPetStore Demo/input_Need a user name and password_password'

09-03-2024T11:32:29 - [MESSAGE][PASSED] - Text ****** has been set on object 'Object Repository/LoginToApp/Page_JPetStore Demo/input_Need a user name and password_password'

09-03-2024T11:32:29 - [TEST_STEP][PASSED] - click(findTestObject("Object Repository/LoginToApp/Page_JPetStore Demo/p_UsernamesetTimeout(function()tryvar zdocu_90a06a")): Object: 'Object Repository/LoginToApp/Page_JPetStore Demo/p_UsernamesetTimeout(function()tryvar zdocu_90a06a' is clicked on

09-03-2024T11:32:31 - [MESSAGE][PASSED] - Object: 'Object Repository/LoginToApp/Page_JPetStore Demo/p_UsernamesetTimeout(function()tryvar zdocu_90a06a' is clicked on

09-03-2024T11:32:31 - [TEST_STEP][PASSED] - setEncryptedText(findTestObject("Object Repository/LoginToApp/Page_JPetStore Demo/input_Need a user name and password_password"), "5Z9ySau9obQ="): Text ****** has been set on object 'Object Repository/LoginToApp/Page_JPetStore Demo/input_Need a user name and password_password'

09-03-2024T11:32:33 - [MESSAGE][PASSED] - Text ****** has been set on object 'Object Repository/LoginToApp/Page_JPetStore Demo/input_Need a user name and password_password'

09-03-2024T11:32:33 - [TEST_STEP][PASSED] - click(findTestObject("Object Repository/LoginToApp/Page_JPetStore Demo/input_Need a user name and password_signon")): Object: 'Object Repository/LoginToApp/Page_JPetStore Demo/input_Need a user name and password_signon' is clicked on

09-03-2024T11:32:35 - [MESSAGE][PASSED] - Object: 'Object Repository/LoginToApp/Page_JPetStore Demo/input_Need a user name and password_signon' is clicked on

09-03-2024T11:32:35 - [TEST_STEP][PASSED] - verifyElementText(findTestObject("Object Repository/LoginToApp/Page_JPetStore Demo/div_Welcome Bruvie"), "Welcome Bruvie!"): Actual text and expected text of test object 'Object Repository/LoginToApp/Page_JPetStore Demo/div_Welcome Bruvie' are matched.

09-03-2024T11:32:36 - [MESSAGE][PASSED] - Actual text and expected text of test object 'Object Repository/LoginToApp/Page_JPetStore Demo/div_Welcome Bruvie' are matched.

09-03-2024T11:32:37 - [MESSAGE][PASSED] - Call Test Case 'Test Cases/PetStoreApp/TC_16_LoginToApp' successfully

09-03-2024T11:32:37 - [TEST_STEP][PASSED] - click(findTestObject("Object Repository/LoginAndPurchaseReptiles/Page_JPetStore Demo/img")): Object: 'Object Repository/LoginAndPurchaseReptiles/Page_JPetStore Demo/img' is clicked on

09-03-2024T11:32:39 - [MESSAGE][PASSED] - Object: 'Object Repository/LoginAndPurchaseReptiles/Page_JPetStore Demo/img' is clicked on

09-03-2024T11:32:39 - [TEST_STEP][PASSED] - navigateToUrl("https://petstore.octoperf.com/actions/Catalog.action?viewCategory=&categoryId=REPTILES"): Navigate to 'https://petstore.octoperf.com/actions/Catalog.action?viewCategory=&categoryId=REPTILES' successfully

09-03-2024T11:32:39 - [MESSAGE][PASSED] - Navigate to 'https://petstore.octoperf.com/actions/Catalog.action?viewCategory=&categoryId=REPTILES' successfully

09-03-2024T11:32:39 - [TEST_STEP][PASSED] - click(findTestObject("Object Repository/LoginAndPurchaseReptiles/Page_JPetStore Demo/a_RP-LI-02")): Object: 'Object Repository/LoginAndPurchaseReptiles/Page_JPetStore Demo/a_RP-LI-02' is clicked on

09-03-2024T11:32:42 - [MESSAGE][PASSED] - Object: 'Object Repository/LoginAndPurchaseReptiles/Page_JPetStore Demo/a_RP-LI-02' is clicked on

09-03-2024T11:32:42 - [TEST_STEP][PASSED] - click(findTestObject("Object Repository/LoginAndPurchaseReptiles/Page_JPetStore Demo/a_Add to Cart")): Object: 'Object Repository/LoginAndPurchaseReptiles/Page_JPetStore Demo/a_Add to Cart' is clicked on

09-03-2024T11:32:44 - [MESSAGE][PASSED] - Object: 'Object Repository/LoginAndPurchaseReptiles/Page_JPetStore Demo/a_Add to Cart' is clicked on

09-03-2024T11:32:44 - [TEST_STEP][PASSED] - setText(findTestObject("Object Repository/LoginAndPurchaseReptiles/Page_JPetStore Demo/input_true_EST-13"), "3"): Text '3' is set on object 'Object Repository/LoginAndPurchaseReptiles/Page_JPetStore Demo/input_true_EST-13'

09-03-2024T11:32:47 - [MESSAGE][PASSED] - Text '3' is set on object 'Object Repository/LoginAndPurchaseReptiles/Page_JPetStore Demo/input_true_EST-13'

09-03-2024T11:32:47 - [TEST_STEP][PASSED] - click(findTestObject("Object Repository/LoginAndPurchaseReptiles/Page_JPetStore Demo/input_Sub Total 18.50_updateCartQuantities")): Object: 'Object Repository/LoginAndPurchaseReptiles/Page_JPetStore Demo/input_Sub Total 18.50_updateCartQuantities' is clicked on

09-03-2024T11:32:48 - [MESSAGE][PASSED] - Object: 'Object Repository/LoginAndPurchaseReptiles/Page_JPetStore Demo/input_Sub Total 18.50_updateCartQuantities' is clicked on

09-03-2024T11:32:48 - [TEST_STEP][PASSED] - click(findTestObject("Object Repository/LoginAndPurchaseReptiles/Page_JPetStore Demo/a_Return to Main Menu")): Object: 'Object Repository/LoginAndPurchaseReptiles/Page_JPetStore Demo/a_Return to Main Menu' is clicked on

09-03-2024T11:32:49 - [MESSAGE][PASSED] - Object: 'Object Repository/LoginAndPurchaseReptiles/Page_JPetStore Demo/a_Return to Main Menu' is clicked on

09-03-2024T11:32:49 - [TEST_STEP][PASSED] - closeBrowser(): Browser is closed

09-03-2024T11:32:49 - [MESSAGE][PASSED] - Browser is closed]]></system-out>
         <system-err><![CDATA[]]></system-err>
      </testcase>
      <system-out><![CDATA[09-03-2024T11:32:07 - [TEST_SUITE][PASSED] - TS_19_LoginAndPurchaseReptiles: Test Cases/PetStoreApp/TC_19_LoginAndPurchaseReptiles]]></system-out>
      <system-err><![CDATA[]]></system-err>
   </testsuite>
   <testsuite name="TS_20_LoginAndPurchaseBird" tests="1" failures="0" errors="0" time="87.56" skipped="0" timestamp="09-03-2024T11:32:56" hostname="DJ793LJ - IN3233809W1.ey.net" id="Test Suites/TS_20_LoginAndPurchaseBird">
      <properties>
         <property name="deviceName" value=""/>
         <property name="devicePlatform" value=""/>
         <property name="logFolder" value="C:\\Users\\DJ793LJ\\git\\Katalon-Training\\Reports\\20240309_112956\\TS_20_LoginAndPurchaseBird\\20240309_113006"/>
         <property name="logFiles" value="C:\\Users\\DJ793LJ\\git\\Katalon-Training\\Reports\\20240309_112956\\TS_20_LoginAndPurchaseBird\\20240309_113006\\execution0.log"/>
         <property name="attachments" value=""/>
         <property name="hostName" value="DJ793LJ - IN3233809W1.ey.net"/>
         <property name="os" value="Windows 10 64bit"/>
         <property name="katalonVersion" value="9.3.1.212"/>
         <property name="browser" value="Edge Chromium 122"/>
         <property name="hostAddress" value="192.168.2.5"/>
         <property name="sessionId" value="312518ab08110601fdc9e431dd0ac68e"/>
         <property name="seleniumVersion" value="3.141.59"/>
         <property name="proxyInformation" value="ProxyInformation { proxyOption=NO_PROXY, proxyServerType=HTTP, username=, password=********, proxyServerAddress=, proxyServerPort=0, executionList=&quot;&quot;, isApplyToDesiredCapabilities=true }"/>
         <property name="platform" value="Windows 10"/>
      </properties>
      <testcase name="Test Cases/PetStoreApp/TC_20_LoginAndPurchaseBird" time="87.375" classname="Test Cases/PetStoreApp/TC_20_LoginAndPurchaseBird" status="PASSED">
         <system-out><![CDATA[09-03-2024T11:32:56 - [TEST_CASE][PASSED] - Test Cases/PetStoreApp/TC_20_LoginAndPurchaseBird: Test Cases/PetStoreApp/TC_20_LoginAndPurchaseBird

09-03-2024T11:32:56 - [TEST_STEP][PASSED] - callTestCase(findTestCase("PetStoreApp/TC_16_LoginToApp"), [:], STOP_ON_FAILURE): Call Test Case 'Test Cases/PetStoreApp/TC_16_LoginToApp' successfully

09-03-2024T11:32:56 - [TEST_CASE][PASSED] - Test Cases/PetStoreApp/TC_16_LoginToApp: Test Cases/PetStoreApp/TC_16_LoginToApp

09-03-2024T11:32:56 - [TEST_STEP][PASSED] - openBrowser(""): Browser is opened with url: ''

09-03-2024T11:32:57 - [MESSAGE][INFO] - Starting 'Edge Chromium' driver

09-03-2024T11:32:58 - [MESSAGE][INFO] - Action delay is set to 0 milliseconds

09-03-2024T11:32:59 - [MESSAGE][PASSED] - Browser is opened with url: ''

09-03-2024T11:32:59 - [TEST_STEP][PASSED] - navigateToUrl("https://petstore.octoperf.com/"): Navigate to 'https://petstore.octoperf.com/' successfully

09-03-2024T11:33:01 - [MESSAGE][PASSED] - Navigate to 'https://petstore.octoperf.com/' successfully

09-03-2024T11:33:01 - [TEST_STEP][PASSED] - verifyElementText(findTestObject("Object Repository/LoginToApp/Page_JPetStore Demo/h2_Welcome to JPetStore 6"), "Welcome to JPetStore 6"): Actual text and expected text of test object 'Object Repository/LoginToApp/Page_JPetStore Demo/h2_Welcome to JPetStore 6' are matched.

09-03-2024T11:33:03 - [MESSAGE][PASSED] - Actual text and expected text of test object 'Object Repository/LoginToApp/Page_JPetStore Demo/h2_Welcome to JPetStore 6' are matched.

09-03-2024T11:33:03 - [TEST_STEP][PASSED] - click(findTestObject("Object Repository/LoginToApp/Page_JPetStore Demo/a_Enter the Store")): Object: 'Object Repository/LoginToApp/Page_JPetStore Demo/a_Enter the Store' is clicked on

09-03-2024T11:33:07 - [MESSAGE][PASSED] - Object: 'Object Repository/LoginToApp/Page_JPetStore Demo/a_Enter the Store' is clicked on

09-03-2024T11:33:07 - [TEST_STEP][PASSED] - verifyElementText(findTestObject("Object Repository/LoginToApp/Page_JPetStore Demo/img"), ""): Actual text and expected text of test object 'Object Repository/LoginToApp/Page_JPetStore Demo/img' are matched.

09-03-2024T11:33:09 - [MESSAGE][PASSED] - Actual text and expected text of test object 'Object Repository/LoginToApp/Page_JPetStore Demo/img' are matched.

09-03-2024T11:33:09 - [TEST_STEP][PASSED] - click(findTestObject("Object Repository/LoginToApp/Page_JPetStore Demo/a_Sign In")): Object: 'Object Repository/LoginToApp/Page_JPetStore Demo/a_Sign In' is clicked on

09-03-2024T11:33:11 - [MESSAGE][PASSED] - Object: 'Object Repository/LoginToApp/Page_JPetStore Demo/a_Sign In' is clicked on

09-03-2024T11:33:11 - [TEST_STEP][PASSED] - setText(findTestObject("Object Repository/LoginToApp/Page_JPetStore Demo/input_Need a user name and password_username"), "bruvie"): Text 'bruvie' is set on object 'Object Repository/LoginToApp/Page_JPetStore Demo/input_Need a user name and password_username'

09-03-2024T11:33:15 - [MESSAGE][PASSED] - Text 'bruvie' is set on object 'Object Repository/LoginToApp/Page_JPetStore Demo/input_Need a user name and password_username'

09-03-2024T11:33:15 - [TEST_STEP][PASSED] - setEncryptedText(findTestObject("Object Repository/LoginToApp/Page_JPetStore Demo/input_Need a user name and password_password"), "qPDWtMYEx+8="): Text ****** has been set on object 'Object Repository/LoginToApp/Page_JPetStore Demo/input_Need a user name and password_password'

09-03-2024T11:33:17 - [MESSAGE][PASSED] - Text ****** has been set on object 'Object Repository/LoginToApp/Page_JPetStore Demo/input_Need a user name and password_password'

09-03-2024T11:33:17 - [TEST_STEP][PASSED] - click(findTestObject("Object Repository/LoginToApp/Page_JPetStore Demo/p_UsernamesetTimeout(function()tryvar zdocu_90a06a")): Object: 'Object Repository/LoginToApp/Page_JPetStore Demo/p_UsernamesetTimeout(function()tryvar zdocu_90a06a' is clicked on

09-03-2024T11:33:19 - [MESSAGE][PASSED] - Object: 'Object Repository/LoginToApp/Page_JPetStore Demo/p_UsernamesetTimeout(function()tryvar zdocu_90a06a' is clicked on

09-03-2024T11:33:19 - [TEST_STEP][PASSED] - setEncryptedText(findTestObject("Object Repository/LoginToApp/Page_JPetStore Demo/input_Need a user name and password_password"), "5Z9ySau9obQ="): Text ****** has been set on object 'Object Repository/LoginToApp/Page_JPetStore Demo/input_Need a user name and password_password'

09-03-2024T11:33:21 - [MESSAGE][PASSED] - Text ****** has been set on object 'Object Repository/LoginToApp/Page_JPetStore Demo/input_Need a user name and password_password'

09-03-2024T11:33:21 - [TEST_STEP][PASSED] - click(findTestObject("Object Repository/LoginToApp/Page_JPetStore Demo/input_Need a user name and password_signon")): Object: 'Object Repository/LoginToApp/Page_JPetStore Demo/input_Need a user name and password_signon' is clicked on

09-03-2024T11:33:23 - [MESSAGE][PASSED] - Object: 'Object Repository/LoginToApp/Page_JPetStore Demo/input_Need a user name and password_signon' is clicked on

09-03-2024T11:33:23 - [TEST_STEP][PASSED] - verifyElementText(findTestObject("Object Repository/LoginToApp/Page_JPetStore Demo/div_Welcome Bruvie"), "Welcome Bruvie!"): Actual text and expected text of test object 'Object Repository/LoginToApp/Page_JPetStore Demo/div_Welcome Bruvie' are matched.

09-03-2024T11:33:25 - [MESSAGE][PASSED] - Actual text and expected text of test object 'Object Repository/LoginToApp/Page_JPetStore Demo/div_Welcome Bruvie' are matched.

09-03-2024T11:33:25 - [MESSAGE][PASSED] - Call Test Case 'Test Cases/PetStoreApp/TC_16_LoginToApp' successfully

09-03-2024T11:33:25 - [TEST_STEP][PASSED] - click(findTestObject("Object Repository/LoginAndPurchaseBird/Page_JPetStore Demo/img")): Object: 'Object Repository/LoginAndPurchaseBird/Page_JPetStore Demo/img' is clicked on

09-03-2024T11:33:27 - [MESSAGE][PASSED] - Object: 'Object Repository/LoginAndPurchaseBird/Page_JPetStore Demo/img' is clicked on

09-03-2024T11:33:27 - [TEST_STEP][PASSED] - navigateToUrl("https://petstore.octoperf.com/actions/Catalog.action?viewCategory=&categoryId=BIRDS"): Navigate to 'https://petstore.octoperf.com/actions/Catalog.action?viewCategory=&categoryId=BIRDS' successfully

09-03-2024T11:33:27 - [MESSAGE][PASSED] - Navigate to 'https://petstore.octoperf.com/actions/Catalog.action?viewCategory=&categoryId=BIRDS' successfully

09-03-2024T11:33:27 - [TEST_STEP][PASSED] - click(findTestObject("Object Repository/LoginAndPurchaseBird/Page_JPetStore Demo/a_AV-SB-02")): Object: 'Object Repository/LoginAndPurchaseBird/Page_JPetStore Demo/a_AV-SB-02' is clicked on

09-03-2024T11:33:29 - [MESSAGE][PASSED] - Object: 'Object Repository/LoginAndPurchaseBird/Page_JPetStore Demo/a_AV-SB-02' is clicked on

09-03-2024T11:33:29 - [TEST_STEP][PASSED] - click(findTestObject("Object Repository/LoginAndPurchaseBird/Page_JPetStore Demo/a_Add to Cart")): Object: 'Object Repository/LoginAndPurchaseBird/Page_JPetStore Demo/a_Add to Cart' is clicked on

09-03-2024T11:33:31 - [MESSAGE][PASSED] - Object: 'Object Repository/LoginAndPurchaseBird/Page_JPetStore Demo/a_Add to Cart' is clicked on

09-03-2024T11:33:31 - [TEST_STEP][PASSED] - click(findTestObject("Object Repository/LoginAndPurchaseBird/Page_JPetStore Demo/table_Item IDProduct IDDescriptionIn StockQ_89592d")): Object: 'Object Repository/LoginAndPurchaseBird/Page_JPetStore Demo/table_Item IDProduct IDDescriptionIn StockQ_89592d' is clicked on

09-03-2024T11:33:33 - [MESSAGE][PASSED] - Object: 'Object Repository/LoginAndPurchaseBird/Page_JPetStore Demo/table_Item IDProduct IDDescriptionIn StockQ_89592d' is clicked on

09-03-2024T11:33:33 - [TEST_STEP][PASSED] - setText(findTestObject("Object Repository/LoginAndPurchaseBird/Page_JPetStore Demo/input_true_EST-19"), "35"): Text '35' is set on object 'Object Repository/LoginAndPurchaseBird/Page_JPetStore Demo/input_true_EST-19'

09-03-2024T11:33:37 - [MESSAGE][PASSED] - Text '35' is set on object 'Object Repository/LoginAndPurchaseBird/Page_JPetStore Demo/input_true_EST-19'

09-03-2024T11:33:37 - [TEST_STEP][PASSED] - click(findTestObject("Object Repository/LoginAndPurchaseBird/Page_JPetStore Demo/input_Sub Total 15.50_updateCartQuantities")): Object: 'Object Repository/LoginAndPurchaseBird/Page_JPetStore Demo/input_Sub Total 15.50_updateCartQuantities' is clicked on

09-03-2024T11:34:09 - [MESSAGE][INFO] - Unable to find the element located by 'By.xpath: //input[@name='newOrder']'. Please recheck the objects properties to make sure the desired element is located. 

09-03-2024T11:34:09 - [MESSAGE][WARNING] - [SELF-HEALING] Failed to find element with id 'Object Repository/LoginAndPurchaseBird/Page_JPetStore Demo/input_Sub Total 15.50_updateCartQuantities'. Try using Self-healing.

09-03-2024T11:34:10 - [MESSAGE][WARNING] - [SELF-HEALING] The current locator of test object 'Object Repository/LoginAndPurchaseBird/Page_JPetStore Demo/input_Sub Total 15.50_updateCartQuantities' was broken. Propose an alternative one: '//input[@name='updateCartQuantities']'.

09-03-2024T11:34:11 - [MESSAGE][PASSED] - Object: 'Object Repository/LoginAndPurchaseBird/Page_JPetStore Demo/input_Sub Total 15.50_updateCartQuantities' is clicked on

09-03-2024T11:34:11 - [TEST_STEP][PASSED] - click(findTestObject("Object Repository/LoginAndPurchaseBird/Page_JPetStore Demo/a_Proceed to Checkout")): Object: 'Object Repository/LoginAndPurchaseBird/Page_JPetStore Demo/a_Proceed to Checkout' is clicked on

09-03-2024T11:34:13 - [MESSAGE][PASSED] - Object: 'Object Repository/LoginAndPurchaseBird/Page_JPetStore Demo/a_Proceed to Checkout' is clicked on

09-03-2024T11:34:13 - [TEST_STEP][PASSED] - verifyElementText(findTestObject("Object Repository/LoginAndPurchaseBird/Page_JPetStore Demo/th_Payment Details"), "Payment Details"): Actual text and expected text of test object 'Object Repository/LoginAndPurchaseBird/Page_JPetStore Demo/th_Payment Details' are matched.

09-03-2024T11:34:15 - [MESSAGE][PASSED] - Actual text and expected text of test object 'Object Repository/LoginAndPurchaseBird/Page_JPetStore Demo/th_Payment Details' are matched.

09-03-2024T11:34:15 - [TEST_STEP][PASSED] - verifyElementText(findTestObject("Object Repository/LoginAndPurchaseBird/Page_JPetStore Demo/th_Billing Address"), "Billing Address"): Actual text and expected text of test object 'Object Repository/LoginAndPurchaseBird/Page_JPetStore Demo/th_Billing Address' are matched.

09-03-2024T11:34:17 - [MESSAGE][PASSED] - Actual text and expected text of test object 'Object Repository/LoginAndPurchaseBird/Page_JPetStore Demo/th_Billing Address' are matched.

09-03-2024T11:34:17 - [TEST_STEP][PASSED] - click(findTestObject("Object Repository/LoginAndPurchaseBird/Page_JPetStore Demo/input_Sub Total 15.50_updateCartQuantities")): Object: 'Object Repository/LoginAndPurchaseBird/Page_JPetStore Demo/input_Sub Total 15.50_updateCartQuantities' is clicked on

09-03-2024T11:34:19 - [MESSAGE][PASSED] - Object: 'Object Repository/LoginAndPurchaseBird/Page_JPetStore Demo/input_Sub Total 15.50_updateCartQuantities' is clicked on

09-03-2024T11:34:19 - [TEST_STEP][PASSED] - verifyElementText(findTestObject("Object Repository/LoginAndPurchaseBird/Page_JPetStore Demo/b_Order"), "Order"): Actual text and expected text of test object 'Object Repository/LoginAndPurchaseBird/Page_JPetStore Demo/b_Order' are matched.

09-03-2024T11:34:21 - [MESSAGE][PASSED] - Actual text and expected text of test object 'Object Repository/LoginAndPurchaseBird/Page_JPetStore Demo/b_Order' are matched.

09-03-2024T11:34:21 - [TEST_STEP][PASSED] - click(findTestObject("Object Repository/LoginAndPurchaseBird/Page_JPetStore Demo/a_Return to Main Menu")): Object: 'Object Repository/LoginAndPurchaseBird/Page_JPetStore Demo/a_Return to Main Menu' is clicked on

09-03-2024T11:34:23 - [MESSAGE][PASSED] - Object: 'Object Repository/LoginAndPurchaseBird/Page_JPetStore Demo/a_Return to Main Menu' is clicked on

09-03-2024T11:34:23 - [TEST_STEP][PASSED] - closeBrowser(): Browser is closed

09-03-2024T11:34:23 - [MESSAGE][PASSED] - Browser is closed]]></system-out>
         <system-err><![CDATA[]]></system-err>
      </testcase>
      <system-out><![CDATA[09-03-2024T11:32:56 - [TEST_SUITE][PASSED] - TS_20_LoginAndPurchaseBird: Test Cases/PetStoreApp/TC_20_LoginAndPurchaseBird]]></system-out>
      <system-err><![CDATA[]]></system-err>
   </testsuite>
   <testsuite name="TS_30_LoginAndPurchaseCats" tests="1" failures="0" errors="0" time="48.491" skipped="0" timestamp="09-03-2024T11:34:30" hostname="DJ793LJ - IN3233809W1.ey.net" id="Test Suites/TS_30_LoginAndPurchaseCats">
      <properties>
         <property name="deviceName" value=""/>
         <property name="devicePlatform" value=""/>
         <property name="logFolder" value="C:\\Users\\DJ793LJ\\git\\Katalon-Training\\Reports\\20240309_112956\\TS_30_LoginAndPurchaseCats\\20240309_113008"/>
         <property name="logFiles" value="C:\\Users\\DJ793LJ\\git\\Katalon-Training\\Reports\\20240309_112956\\TS_30_LoginAndPurchaseCats\\20240309_113008\\execution0.log"/>
         <property name="attachments" value=""/>
         <property name="hostName" value="DJ793LJ - IN3233809W1.ey.net"/>
         <property name="os" value="Windows 10 64bit"/>
         <property name="katalonVersion" value="9.3.1.212"/>
         <property name="browser" value="Edge Chromium 122"/>
         <property name="hostAddress" value="192.168.2.5"/>
         <property name="sessionId" value="ac48a42c7b76c2f958f7132ce7bb453a"/>
         <property name="seleniumVersion" value="3.141.59"/>
         <property name="proxyInformation" value="ProxyInformation { proxyOption=NO_PROXY, proxyServerType=HTTP, username=, password=********, proxyServerAddress=, proxyServerPort=0, executionList=&quot;&quot;, isApplyToDesiredCapabilities=true }"/>
         <property name="platform" value="Windows 10"/>
      </properties>
      <testcase name="Test Cases/PetStoreApp/TC_30_LoginAndPurchaseCats" time="48.254" classname="Test Cases/PetStoreApp/TC_30_LoginAndPurchaseCats" status="PASSED">
         <system-out><![CDATA[09-03-2024T11:34:30 - [TEST_CASE][PASSED] - Test Cases/PetStoreApp/TC_30_LoginAndPurchaseCats: Test Cases/PetStoreApp/TC_30_LoginAndPurchaseCats

09-03-2024T11:34:30 - [TEST_STEP][PASSED] - callTestCase(findTestCase("PetStoreApp/TC_16_LoginToApp"), [:], STOP_ON_FAILURE): Call Test Case 'Test Cases/PetStoreApp/TC_16_LoginToApp' successfully

09-03-2024T11:34:30 - [TEST_CASE][PASSED] - Test Cases/PetStoreApp/TC_16_LoginToApp: Test Cases/PetStoreApp/TC_16_LoginToApp

09-03-2024T11:34:30 - [TEST_STEP][PASSED] - openBrowser(""): Browser is opened with url: ''

09-03-2024T11:34:31 - [MESSAGE][INFO] - Starting 'Edge Chromium' driver

09-03-2024T11:34:32 - [MESSAGE][INFO] - Action delay is set to 0 milliseconds

09-03-2024T11:34:34 - [MESSAGE][PASSED] - Browser is opened with url: ''

09-03-2024T11:34:34 - [TEST_STEP][PASSED] - navigateToUrl("https://petstore.octoperf.com/"): Navigate to 'https://petstore.octoperf.com/' successfully

09-03-2024T11:34:35 - [MESSAGE][PASSED] - Navigate to 'https://petstore.octoperf.com/' successfully

09-03-2024T11:34:35 - [TEST_STEP][PASSED] - verifyElementText(findTestObject("Object Repository/LoginToApp/Page_JPetStore Demo/h2_Welcome to JPetStore 6"), "Welcome to JPetStore 6"): Actual text and expected text of test object 'Object Repository/LoginToApp/Page_JPetStore Demo/h2_Welcome to JPetStore 6' are matched.

09-03-2024T11:34:37 - [MESSAGE][PASSED] - Actual text and expected text of test object 'Object Repository/LoginToApp/Page_JPetStore Demo/h2_Welcome to JPetStore 6' are matched.

09-03-2024T11:34:37 - [TEST_STEP][PASSED] - click(findTestObject("Object Repository/LoginToApp/Page_JPetStore Demo/a_Enter the Store")): Object: 'Object Repository/LoginToApp/Page_JPetStore Demo/a_Enter the Store' is clicked on

09-03-2024T11:34:40 - [MESSAGE][PASSED] - Object: 'Object Repository/LoginToApp/Page_JPetStore Demo/a_Enter the Store' is clicked on

09-03-2024T11:34:40 - [TEST_STEP][PASSED] - verifyElementText(findTestObject("Object Repository/LoginToApp/Page_JPetStore Demo/img"), ""): Actual text and expected text of test object 'Object Repository/LoginToApp/Page_JPetStore Demo/img' are matched.

09-03-2024T11:34:42 - [MESSAGE][PASSED] - Actual text and expected text of test object 'Object Repository/LoginToApp/Page_JPetStore Demo/img' are matched.

09-03-2024T11:34:42 - [TEST_STEP][PASSED] - click(findTestObject("Object Repository/LoginToApp/Page_JPetStore Demo/a_Sign In")): Object: 'Object Repository/LoginToApp/Page_JPetStore Demo/a_Sign In' is clicked on

09-03-2024T11:34:44 - [MESSAGE][PASSED] - Object: 'Object Repository/LoginToApp/Page_JPetStore Demo/a_Sign In' is clicked on

09-03-2024T11:34:44 - [TEST_STEP][PASSED] - setText(findTestObject("Object Repository/LoginToApp/Page_JPetStore Demo/input_Need a user name and password_username"), "bruvie"): Text 'bruvie' is set on object 'Object Repository/LoginToApp/Page_JPetStore Demo/input_Need a user name and password_username'

09-03-2024T11:34:48 - [MESSAGE][PASSED] - Text 'bruvie' is set on object 'Object Repository/LoginToApp/Page_JPetStore Demo/input_Need a user name and password_username'

09-03-2024T11:34:48 - [TEST_STEP][PASSED] - setEncryptedText(findTestObject("Object Repository/LoginToApp/Page_JPetStore Demo/input_Need a user name and password_password"), "qPDWtMYEx+8="): Text ****** has been set on object 'Object Repository/LoginToApp/Page_JPetStore Demo/input_Need a user name and password_password'

09-03-2024T11:34:50 - [MESSAGE][PASSED] - Text ****** has been set on object 'Object Repository/LoginToApp/Page_JPetStore Demo/input_Need a user name and password_password'

09-03-2024T11:34:50 - [TEST_STEP][PASSED] - click(findTestObject("Object Repository/LoginToApp/Page_JPetStore Demo/p_UsernamesetTimeout(function()tryvar zdocu_90a06a")): Object: 'Object Repository/LoginToApp/Page_JPetStore Demo/p_UsernamesetTimeout(function()tryvar zdocu_90a06a' is clicked on

09-03-2024T11:34:52 - [MESSAGE][PASSED] - Object: 'Object Repository/LoginToApp/Page_JPetStore Demo/p_UsernamesetTimeout(function()tryvar zdocu_90a06a' is clicked on

09-03-2024T11:34:52 - [TEST_STEP][PASSED] - setEncryptedText(findTestObject("Object Repository/LoginToApp/Page_JPetStore Demo/input_Need a user name and password_password"), "5Z9ySau9obQ="): Text ****** has been set on object 'Object Repository/LoginToApp/Page_JPetStore Demo/input_Need a user name and password_password'

09-03-2024T11:34:54 - [MESSAGE][PASSED] - Text ****** has been set on object 'Object Repository/LoginToApp/Page_JPetStore Demo/input_Need a user name and password_password'

09-03-2024T11:34:54 - [TEST_STEP][PASSED] - click(findTestObject("Object Repository/LoginToApp/Page_JPetStore Demo/input_Need a user name and password_signon")): Object: 'Object Repository/LoginToApp/Page_JPetStore Demo/input_Need a user name and password_signon' is clicked on

09-03-2024T11:34:56 - [MESSAGE][PASSED] - Object: 'Object Repository/LoginToApp/Page_JPetStore Demo/input_Need a user name and password_signon' is clicked on

09-03-2024T11:34:56 - [TEST_STEP][PASSED] - verifyElementText(findTestObject("Object Repository/LoginToApp/Page_JPetStore Demo/div_Welcome Bruvie"), "Welcome Bruvie!"): Actual text and expected text of test object 'Object Repository/LoginToApp/Page_JPetStore Demo/div_Welcome Bruvie' are matched.

09-03-2024T11:34:58 - [MESSAGE][PASSED] - Actual text and expected text of test object 'Object Repository/LoginToApp/Page_JPetStore Demo/div_Welcome Bruvie' are matched.

09-03-2024T11:34:58 - [MESSAGE][PASSED] - Call Test Case 'Test Cases/PetStoreApp/TC_16_LoginToApp' successfully

09-03-2024T11:34:58 - [TEST_STEP][PASSED] - click(findTestObject("Object Repository/LoginAndPurchaseCats/Page_JPetStore Demo/img")): Object: 'Object Repository/LoginAndPurchaseCats/Page_JPetStore Demo/img' is clicked on

09-03-2024T11:35:00 - [MESSAGE][PASSED] - Object: 'Object Repository/LoginAndPurchaseCats/Page_JPetStore Demo/img' is clicked on

09-03-2024T11:35:00 - [TEST_STEP][PASSED] - click(findTestObject("Object Repository/LoginAndPurchaseCats/Page_JPetStore Demo/a_FL-DLH-02")): Object: 'Object Repository/LoginAndPurchaseCats/Page_JPetStore Demo/a_FL-DLH-02' is clicked on

09-03-2024T11:35:02 - [MESSAGE][PASSED] - Object: 'Object Repository/LoginAndPurchaseCats/Page_JPetStore Demo/a_FL-DLH-02' is clicked on

09-03-2024T11:35:02 - [TEST_STEP][PASSED] - click(findTestObject("Object Repository/LoginAndPurchaseCats/Page_JPetStore Demo/a_Add to Cart")): Object: 'Object Repository/LoginAndPurchaseCats/Page_JPetStore Demo/a_Add to Cart' is clicked on

09-03-2024T11:35:04 - [MESSAGE][PASSED] - Object: 'Object Repository/LoginAndPurchaseCats/Page_JPetStore Demo/a_Add to Cart' is clicked on

09-03-2024T11:35:04 - [TEST_STEP][PASSED] - setText(findTestObject("Object Repository/LoginAndPurchaseCats/Page_JPetStore Demo/input_false_EST-16"), "12"): Text '12' is set on object 'Object Repository/LoginAndPurchaseCats/Page_JPetStore Demo/input_false_EST-16'

09-03-2024T11:35:08 - [MESSAGE][PASSED] - Text '12' is set on object 'Object Repository/LoginAndPurchaseCats/Page_JPetStore Demo/input_false_EST-16'

09-03-2024T11:35:08 - [TEST_STEP][PASSED] - click(findTestObject("Object Repository/LoginAndPurchaseCats/Page_JPetStore Demo/input_Sub Total 93.50_updateCartQuantities")): Object: 'Object Repository/LoginAndPurchaseCats/Page_JPetStore Demo/input_Sub Total 93.50_updateCartQuantities' is clicked on

09-03-2024T11:35:10 - [MESSAGE][PASSED] - Object: 'Object Repository/LoginAndPurchaseCats/Page_JPetStore Demo/input_Sub Total 93.50_updateCartQuantities' is clicked on

09-03-2024T11:35:10 - [TEST_STEP][PASSED] - click(findTestObject("Object Repository/LoginAndPurchaseCats/Page_JPetStore Demo/a_Proceed to Checkout")): Object: 'Object Repository/LoginAndPurchaseCats/Page_JPetStore Demo/a_Proceed to Checkout' is clicked on

09-03-2024T11:35:12 - [MESSAGE][PASSED] - Object: 'Object Repository/LoginAndPurchaseCats/Page_JPetStore Demo/a_Proceed to Checkout' is clicked on

09-03-2024T11:35:12 - [TEST_STEP][PASSED] - click(findTestObject("Object Repository/LoginAndPurchaseCats/Page_JPetStore Demo/input_Ship to different address_newOrder")): Object: 'Object Repository/LoginAndPurchaseCats/Page_JPetStore Demo/input_Ship to different address_newOrder' is clicked on

09-03-2024T11:35:14 - [MESSAGE][PASSED] - Object: 'Object Repository/LoginAndPurchaseCats/Page_JPetStore Demo/input_Ship to different address_newOrder' is clicked on

09-03-2024T11:35:14 - [TEST_STEP][PASSED] - verifyElementText(findTestObject("Object Repository/LoginAndPurchaseCats/Page_JPetStore Demo/b_Order"), "Order"): Actual text and expected text of test object 'Object Repository/LoginAndPurchaseCats/Page_JPetStore Demo/b_Order' are matched.

09-03-2024T11:35:15 - [MESSAGE][PASSED] - Actual text and expected text of test object 'Object Repository/LoginAndPurchaseCats/Page_JPetStore Demo/b_Order' are matched.

09-03-2024T11:35:15 - [TEST_STEP][PASSED] - click(findTestObject("Object Repository/LoginAndPurchaseCats/Page_JPetStore Demo/a_Return to Main Menu")): Object: 'Object Repository/LoginAndPurchaseCats/Page_JPetStore Demo/a_Return to Main Menu' is clicked on

09-03-2024T11:35:18 - [MESSAGE][PASSED] - Object: 'Object Repository/LoginAndPurchaseCats/Page_JPetStore Demo/a_Return to Main Menu' is clicked on

09-03-2024T11:35:18 - [TEST_STEP][PASSED] - closeBrowser(): Browser is closed

09-03-2024T11:35:18 - [MESSAGE][PASSED] - Browser is closed]]></system-out>
         <system-err><![CDATA[]]></system-err>
      </testcase>
      <system-out><![CDATA[09-03-2024T11:34:30 - [TEST_SUITE][PASSED] - TS_30_LoginAndPurchaseCats: Test Cases/PetStoreApp/TC_30_LoginAndPurchaseCats]]></system-out>
      <system-err><![CDATA[]]></system-err>
   </testsuite>
</testsuites>
